2021-11-27 17:50:38 INFO  .:69 - The execution of method loadFiles started here ...
2021-11-27 17:50:38 INFO  .:84 - The execution of method loadFiles ended here ...
2021-11-27 17:50:44 INFO  .:86 - The execution of method navigate started here ...
2021-11-27 17:50:54 ERROR .:101 - there is an exception arised during the execution of the method navigate,The Exception :org.openqa.selenium.WebDriverException: unknown error: net::ERR_CONNECTION_REFUSED
  (Session info: chrome=96.0.4664.45)
Build info: version: '4.0.0', revision: '3a21814679'
System info: host: 'DESKTOP-352SGAD', ip: '192.168.153.73', os.name: 'Windows 10', os.arch: 'amd64', os.version: '10.0', java.version: '16.0.1'
Driver info: org.openqa.selenium.chrome.ChromeDriver
Command: [036eae7531cd4c5fa20b31a49982b3d8, get {url=http://localhost/login.do}]
Capabilities {acceptInsecureCerts: false, browserName: chrome, browserVersion: 96.0.4664.45, chrome: {chromedriverVersion: 95.0.4638.54 (d31a821ec901f..., userDataDir: C:\Users\PAVAN\AppData\Loca...}, goog:chromeOptions: {debuggerAddress: localhost:56499}, javascriptEnabled: true, networkConnectionEnabled: false, pageLoadStrategy: normal, platform: WINDOWS, platformName: WINDOWS, proxy: Proxy(), se:cdp: ws://localhost:56499/devtoo..., se:cdpVersion: 96.0.4664.45, setWindowRect: true, strictFileInteractability: false, timeouts: {implicit: 0, pageLoad: 300000, script: 30000}, unhandledPromptBehavior: dismiss and notify, webauthn:extension:credBlob: true, webauthn:extension:largeBlob: true, webauthn:virtualAuthenticators: true}
Session ID: 036eae7531cd4c5fa20b31a49982b3d8
2021-11-27 17:50:55 INFO  .:166 - In Test Scenario Login the method navigate execution status is :Fail
2021-11-27 17:50:55 INFO  .:32 - The execution of method login started here ...
2021-11-27 17:50:56 ERROR .:53 - there is an exception arised during the execution of the method login,The Exception :org.openqa.selenium.NoSuchElementException: no such element: Unable to locate element: {"method":"css selector","selector":"#username"}
  (Session info: chrome=96.0.4664.45)
For documentation on this error, please visit: https://selenium.dev/exceptions/#no_such_element
Build info: version: '4.0.0', revision: '3a21814679'
System info: host: 'DESKTOP-352SGAD', ip: '192.168.153.73', os.name: 'Windows 10', os.arch: 'amd64', os.version: '10.0', java.version: '16.0.1'
Driver info: org.openqa.selenium.chrome.ChromeDriver
Command: [036eae7531cd4c5fa20b31a49982b3d8, findElement {using=id, value=username}]
Capabilities {acceptInsecureCerts: false, browserName: chrome, browserVersion: 96.0.4664.45, chrome: {chromedriverVersion: 95.0.4638.54 (d31a821ec901f..., userDataDir: C:\Users\PAVAN\AppData\Loca...}, goog:chromeOptions: {debuggerAddress: localhost:56499}, javascriptEnabled: true, networkConnectionEnabled: false, pageLoadStrategy: normal, platform: WINDOWS, platformName: WINDOWS, proxy: Proxy(), se:cdp: ws://localhost:56499/devtoo..., se:cdpVersion: 96.0.4664.45, setWindowRect: true, strictFileInteractability: false, timeouts: {implicit: 0, pageLoad: 300000, script: 30000}, unhandledPromptBehavior: dismiss and notify, webauthn:extension:credBlob: true, webauthn:extension:largeBlob: true, webauthn:virtualAuthenticators: true}
Session ID: 036eae7531cd4c5fa20b31a49982b3d8
2021-11-27 17:50:56 INFO  .:166 - In Test Scenario Login the method login execution status is :Fail
2021-11-27 17:50:56 INFO  .:166 - In Test Scenario Login the method minimizeFlyOutWindow execution status is :Fail
2021-11-27 17:50:56 INFO  .:76 - The execution of method logout started here ...
2021-11-27 17:50:56 ERROR .:91 - there is an exception arised during the execution of the method logout,The Exception :org.openqa.selenium.NoSuchElementException: no such element: Unable to locate element: {"method":"xpath","selector":"//a[text()='Logout']"}
  (Session info: chrome=96.0.4664.45)
For documentation on this error, please visit: https://selenium.dev/exceptions/#no_such_element
Build info: version: '4.0.0', revision: '3a21814679'
System info: host: 'DESKTOP-352SGAD', ip: '192.168.153.73', os.name: 'Windows 10', os.arch: 'amd64', os.version: '10.0', java.version: '16.0.1'
Driver info: org.openqa.selenium.chrome.ChromeDriver
Command: [036eae7531cd4c5fa20b31a49982b3d8, findElement {using=xpath, value=//a[text()='Logout']}]
Capabilities {acceptInsecureCerts: false, browserName: chrome, browserVersion: 96.0.4664.45, chrome: {chromedriverVersion: 95.0.4638.54 (d31a821ec901f..., userDataDir: C:\Users\PAVAN\AppData\Loca...}, goog:chromeOptions: {debuggerAddress: localhost:56499}, javascriptEnabled: true, networkConnectionEnabled: false, pageLoadStrategy: normal, platform: WINDOWS, platformName: WINDOWS, proxy: Proxy(), se:cdp: ws://localhost:56499/devtoo..., se:cdpVersion: 96.0.4664.45, setWindowRect: true, strictFileInteractability: false, timeouts: {implicit: 0, pageLoad: 300000, script: 30000}, unhandledPromptBehavior: dismiss and notify, webauthn:extension:credBlob: true, webauthn:extension:largeBlob: true, webauthn:virtualAuthenticators: true}
Session ID: 036eae7531cd4c5fa20b31a49982b3d8
2021-11-27 17:50:57 INFO  .:166 - In Test Scenario Login the method logout execution status is :Fail
2021-11-27 17:50:57 INFO  .:121 - The execution of method closeApplication started here ...
2021-11-27 17:50:57 INFO  .:124 - The execution of method closeApplication ended here ...
2021-11-27 17:50:57 INFO  .:166 - In Test Scenario Login the method closeApplication execution status is :Pass
2021-11-27 17:50:57 INFO  .:180 - +++++++++++++++++++++++++++++++
2021-11-27 17:50:59 INFO  .:86 - The execution of method navigate started here ...
2021-11-27 17:51:08 ERROR .:101 - there is an exception arised during the execution of the method navigate,The Exception :org.openqa.selenium.WebDriverException: unknown error: net::ERR_CONNECTION_REFUSED
  (Session info: chrome=96.0.4664.45)
Build info: version: '4.0.0', revision: '3a21814679'
System info: host: 'DESKTOP-352SGAD', ip: '192.168.153.73', os.name: 'Windows 10', os.arch: 'amd64', os.version: '10.0', java.version: '16.0.1'
Driver info: org.openqa.selenium.chrome.ChromeDriver
Command: [e87d7a1542dc21b928f64c9058219cd9, get {url=http://localhost/login.do}]
Capabilities {acceptInsecureCerts: false, browserName: chrome, browserVersion: 96.0.4664.45, chrome: {chromedriverVersion: 95.0.4638.54 (d31a821ec901f..., userDataDir: C:\Users\PAVAN\AppData\Loca...}, goog:chromeOptions: {debuggerAddress: localhost:56542}, javascriptEnabled: true, networkConnectionEnabled: false, pageLoadStrategy: normal, platform: WINDOWS, platformName: WINDOWS, proxy: Proxy(), se:cdp: ws://localhost:56542/devtoo..., se:cdpVersion: 96.0.4664.45, setWindowRect: true, strictFileInteractability: false, timeouts: {implicit: 0, pageLoad: 300000, script: 30000}, unhandledPromptBehavior: dismiss and notify, webauthn:extension:credBlob: true, webauthn:extension:largeBlob: true, webauthn:virtualAuthenticators: true}
Session ID: e87d7a1542dc21b928f64c9058219cd9
2021-11-27 17:51:09 INFO  .:166 - In Test Scenario CreateUser the method navigate execution status is :Fail
2021-11-27 17:51:09 INFO  .:32 - The execution of method login started here ...
2021-11-27 17:51:09 ERROR .:53 - there is an exception arised during the execution of the method login,The Exception :org.openqa.selenium.NoSuchElementException: no such element: Unable to locate element: {"method":"css selector","selector":"#username"}
  (Session info: chrome=96.0.4664.45)
For documentation on this error, please visit: https://selenium.dev/exceptions/#no_such_element
Build info: version: '4.0.0', revision: '3a21814679'
System info: host: 'DESKTOP-352SGAD', ip: '192.168.153.73', os.name: 'Windows 10', os.arch: 'amd64', os.version: '10.0', java.version: '16.0.1'
Driver info: org.openqa.selenium.chrome.ChromeDriver
Command: [e87d7a1542dc21b928f64c9058219cd9, findElement {using=id, value=username}]
Capabilities {acceptInsecureCerts: false, browserName: chrome, browserVersion: 96.0.4664.45, chrome: {chromedriverVersion: 95.0.4638.54 (d31a821ec901f..., userDataDir: C:\Users\PAVAN\AppData\Loca...}, goog:chromeOptions: {debuggerAddress: localhost:56542}, javascriptEnabled: true, networkConnectionEnabled: false, pageLoadStrategy: normal, platform: WINDOWS, platformName: WINDOWS, proxy: Proxy(), se:cdp: ws://localhost:56542/devtoo..., se:cdpVersion: 96.0.4664.45, setWindowRect: true, strictFileInteractability: false, timeouts: {implicit: 0, pageLoad: 300000, script: 30000}, unhandledPromptBehavior: dismiss and notify, webauthn:extension:credBlob: true, webauthn:extension:largeBlob: true, webauthn:virtualAuthenticators: true}
Session ID: e87d7a1542dc21b928f64c9058219cd9
2021-11-27 17:51:09 INFO  .:166 - In Test Scenario CreateUser the method login execution status is :Fail
2021-11-27 17:51:09 INFO  .:166 - In Test Scenario CreateUser the method minimizeFlyOutWindow execution status is :Fail
2021-11-27 17:51:10 INFO  .:32 - The execution of method createUser started here ...
2021-11-27 17:51:10 ERROR .:63 - there is an exception arised during the execution of the method createUser,The Exception :org.openqa.selenium.NoSuchElementException: no such element: Unable to locate element: {"method":"xpath","selector":"//*[@id='topnav']/tbody/tr[1]/td[5]/a/div[2]"}
  (Session info: chrome=96.0.4664.45)
For documentation on this error, please visit: https://selenium.dev/exceptions/#no_such_element
Build info: version: '4.0.0', revision: '3a21814679'
System info: host: 'DESKTOP-352SGAD', ip: '192.168.153.73', os.name: 'Windows 10', os.arch: 'amd64', os.version: '10.0', java.version: '16.0.1'
Driver info: org.openqa.selenium.chrome.ChromeDriver
Command: [e87d7a1542dc21b928f64c9058219cd9, findElement {using=xpath, value=//*[@id='topnav']/tbody/tr[1]/td[5]/a/div[2]}]
Capabilities {acceptInsecureCerts: false, browserName: chrome, browserVersion: 96.0.4664.45, chrome: {chromedriverVersion: 95.0.4638.54 (d31a821ec901f..., userDataDir: C:\Users\PAVAN\AppData\Loca...}, goog:chromeOptions: {debuggerAddress: localhost:56542}, javascriptEnabled: true, networkConnectionEnabled: false, pageLoadStrategy: normal, platform: WINDOWS, platformName: WINDOWS, proxy: Proxy(), se:cdp: ws://localhost:56542/devtoo..., se:cdpVersion: 96.0.4664.45, setWindowRect: true, strictFileInteractability: false, timeouts: {implicit: 0, pageLoad: 300000, script: 30000}, unhandledPromptBehavior: dismiss and notify, webauthn:extension:credBlob: true, webauthn:extension:largeBlob: true, webauthn:virtualAuthenticators: true}
Session ID: e87d7a1542dc21b928f64c9058219cd9
2021-11-27 17:51:10 INFO  .:166 - In Test Scenario CreateUser the method createUser execution status is :Fail
2021-11-27 17:51:10 INFO  .:131 - The execution of method deleteUser started here ...
2021-11-27 17:51:10 ERROR .:150 - there is an exception arised during the execution of the method deleteUser,The Exception :org.openqa.selenium.NoSuchElementException: no such element: Unable to locate element: {"method":"xpath","selector":"//span[text()='User1, Test']"}
  (Session info: chrome=96.0.4664.45)
For documentation on this error, please visit: https://selenium.dev/exceptions/#no_such_element
Build info: version: '4.0.0', revision: '3a21814679'
System info: host: 'DESKTOP-352SGAD', ip: '192.168.153.73', os.name: 'Windows 10', os.arch: 'amd64', os.version: '10.0', java.version: '16.0.1'
Driver info: org.openqa.selenium.chrome.ChromeDriver
Command: [e87d7a1542dc21b928f64c9058219cd9, findElement {using=xpath, value=//span[text()='User1, Test']}]
Capabilities {acceptInsecureCerts: false, browserName: chrome, browserVersion: 96.0.4664.45, chrome: {chromedriverVersion: 95.0.4638.54 (d31a821ec901f..., userDataDir: C:\Users\PAVAN\AppData\Loca...}, goog:chromeOptions: {debuggerAddress: localhost:56542}, javascriptEnabled: true, networkConnectionEnabled: false, pageLoadStrategy: normal, platform: WINDOWS, platformName: WINDOWS, proxy: Proxy(), se:cdp: ws://localhost:56542/devtoo..., se:cdpVersion: 96.0.4664.45, setWindowRect: true, strictFileInteractability: false, timeouts: {implicit: 0, pageLoad: 300000, script: 30000}, unhandledPromptBehavior: dismiss and notify, webauthn:extension:credBlob: true, webauthn:extension:largeBlob: true, webauthn:virtualAuthenticators: true}
Session ID: e87d7a1542dc21b928f64c9058219cd9
2021-11-27 17:51:10 INFO  .:166 - In Test Scenario CreateUser the method deleteUser execution status is :Fail
2021-11-27 17:51:10 INFO  .:76 - The execution of method logout started here ...
2021-11-27 17:51:10 ERROR .:91 - there is an exception arised during the execution of the method logout,The Exception :org.openqa.selenium.NoSuchElementException: no such element: Unable to locate element: {"method":"xpath","selector":"//a[text()='Logout']"}
  (Session info: chrome=96.0.4664.45)
For documentation on this error, please visit: https://selenium.dev/exceptions/#no_such_element
Build info: version: '4.0.0', revision: '3a21814679'
System info: host: 'DESKTOP-352SGAD', ip: '192.168.153.73', os.name: 'Windows 10', os.arch: 'amd64', os.version: '10.0', java.version: '16.0.1'
Driver info: org.openqa.selenium.chrome.ChromeDriver
Command: [e87d7a1542dc21b928f64c9058219cd9, findElement {using=xpath, value=//a[text()='Logout']}]
Capabilities {acceptInsecureCerts: false, browserName: chrome, browserVersion: 96.0.4664.45, chrome: {chromedriverVersion: 95.0.4638.54 (d31a821ec901f..., userDataDir: C:\Users\PAVAN\AppData\Loca...}, goog:chromeOptions: {debuggerAddress: localhost:56542}, javascriptEnabled: true, networkConnectionEnabled: false, pageLoadStrategy: normal, platform: WINDOWS, platformName: WINDOWS, proxy: Proxy(), se:cdp: ws://localhost:56542/devtoo..., se:cdpVersion: 96.0.4664.45, setWindowRect: true, strictFileInteractability: false, timeouts: {implicit: 0, pageLoad: 300000, script: 30000}, unhandledPromptBehavior: dismiss and notify, webauthn:extension:credBlob: true, webauthn:extension:largeBlob: true, webauthn:virtualAuthenticators: true}
Session ID: e87d7a1542dc21b928f64c9058219cd9
2021-11-27 17:51:11 INFO  .:166 - In Test Scenario CreateUser the method logout execution status is :Fail
2021-11-27 17:51:11 INFO  .:121 - The execution of method closeApplication started here ...
2021-11-27 17:51:11 INFO  .:124 - The execution of method closeApplication ended here ...
2021-11-27 17:51:11 INFO  .:166 - In Test Scenario CreateUser the method closeApplication execution status is :Pass
2021-11-27 17:51:11 INFO  .:180 - +++++++++++++++++++++++++++++++
2021-11-27 17:51:13 INFO  .:86 - The execution of method navigate started here ...
2021-11-27 17:51:15 ERROR .:101 - there is an exception arised during the execution of the method navigate,The Exception :org.openqa.selenium.WebDriverException: unknown error: cannot determine loading status
from disconnected: received Inspector.detached event
  (Session info: chrome=96.0.4664.45)
Build info: version: '4.0.0', revision: '3a21814679'
System info: host: 'DESKTOP-352SGAD', ip: '192.168.153.73', os.name: 'Windows 10', os.arch: 'amd64', os.version: '10.0', java.version: '16.0.1'
Driver info: org.openqa.selenium.chrome.ChromeDriver
Command: [ea9ea5e6bac977055e91bfc40d441c39, get {url=http://localhost/login.do}]
Capabilities {acceptInsecureCerts: false, browserName: chrome, browserVersion: 96.0.4664.45, chrome: {chromedriverVersion: 95.0.4638.54 (d31a821ec901f..., userDataDir: C:\Users\PAVAN\AppData\Loca...}, goog:chromeOptions: {debuggerAddress: localhost:56585}, javascriptEnabled: true, networkConnectionEnabled: false, pageLoadStrategy: normal, platform: WINDOWS, platformName: WINDOWS, proxy: Proxy(), se:cdp: ws://localhost:56585/devtoo..., se:cdpVersion: 96.0.4664.45, setWindowRect: true, strictFileInteractability: false, timeouts: {implicit: 0, pageLoad: 300000, script: 30000}, unhandledPromptBehavior: dismiss and notify, webauthn:extension:credBlob: true, webauthn:extension:largeBlob: true, webauthn:virtualAuthenticators: true}
Session ID: ea9ea5e6bac977055e91bfc40d441c39
2021-11-27 17:51:15 INFO  .:166 - In Test Scenario ModifyUser the method navigate execution status is :Fail
2021-11-27 17:51:15 INFO  .:32 - The execution of method login started here ...
2021-11-27 18:04:53 INFO  .:69 - The execution of method loadFiles started here ...
2021-11-27 18:04:53 INFO  .:84 - The execution of method loadFiles ended here ...
2021-11-27 18:04:59 INFO  .:86 - The execution of method navigate started here ...
2021-11-27 18:05:08 ERROR .:101 - there is an exception arised during the execution of the method navigate,The Exception :org.openqa.selenium.WebDriverException: unknown error: net::ERR_CONNECTION_REFUSED
  (Session info: chrome=96.0.4664.45)
Build info: version: '4.0.0', revision: '3a21814679'
System info: host: 'DESKTOP-352SGAD', ip: '192.168.153.73', os.name: 'Windows 10', os.arch: 'amd64', os.version: '10.0', java.version: '16.0.1'
Driver info: org.openqa.selenium.chrome.ChromeDriver
Command: [b10b528f69293ec3a8d9859b470b15c7, get {url=http://localhost/login.do}]
Capabilities {acceptInsecureCerts: false, browserName: chrome, browserVersion: 96.0.4664.45, chrome: {chromedriverVersion: 96.0.4664.45 (76e4c1bb2ab46..., userDataDir: C:\Users\PAVAN\AppData\Loca...}, goog:chromeOptions: {debuggerAddress: localhost:56621}, javascriptEnabled: true, networkConnectionEnabled: false, pageLoadStrategy: normal, platform: WINDOWS, platformName: WINDOWS, proxy: Proxy(), se:cdp: ws://localhost:56621/devtoo..., se:cdpVersion: 96.0.4664.45, setWindowRect: true, strictFileInteractability: false, timeouts: {implicit: 0, pageLoad: 300000, script: 30000}, unhandledPromptBehavior: dismiss and notify, webauthn:extension:credBlob: true, webauthn:extension:largeBlob: true, webauthn:virtualAuthenticators: true}
Session ID: b10b528f69293ec3a8d9859b470b15c7
2021-11-27 18:05:08 INFO  .:166 - In Test Scenario Login the method navigate execution status is :Fail
2021-11-27 18:05:09 INFO  .:32 - The execution of method login started here ...
2021-11-27 18:05:09 ERROR .:53 - there is an exception arised during the execution of the method login,The Exception :org.openqa.selenium.NoSuchElementException: no such element: Unable to locate element: {"method":"css selector","selector":"#username"}
  (Session info: chrome=96.0.4664.45)
For documentation on this error, please visit: https://selenium.dev/exceptions/#no_such_element
Build info: version: '4.0.0', revision: '3a21814679'
System info: host: 'DESKTOP-352SGAD', ip: '192.168.153.73', os.name: 'Windows 10', os.arch: 'amd64', os.version: '10.0', java.version: '16.0.1'
Driver info: org.openqa.selenium.chrome.ChromeDriver
Command: [b10b528f69293ec3a8d9859b470b15c7, findElement {using=id, value=username}]
Capabilities {acceptInsecureCerts: false, browserName: chrome, browserVersion: 96.0.4664.45, chrome: {chromedriverVersion: 96.0.4664.45 (76e4c1bb2ab46..., userDataDir: C:\Users\PAVAN\AppData\Loca...}, goog:chromeOptions: {debuggerAddress: localhost:56621}, javascriptEnabled: true, networkConnectionEnabled: false, pageLoadStrategy: normal, platform: WINDOWS, platformName: WINDOWS, proxy: Proxy(), se:cdp: ws://localhost:56621/devtoo..., se:cdpVersion: 96.0.4664.45, setWindowRect: true, strictFileInteractability: false, timeouts: {implicit: 0, pageLoad: 300000, script: 30000}, unhandledPromptBehavior: dismiss and notify, webauthn:extension:credBlob: true, webauthn:extension:largeBlob: true, webauthn:virtualAuthenticators: true}
Session ID: b10b528f69293ec3a8d9859b470b15c7
2021-11-27 18:05:09 INFO  .:166 - In Test Scenario Login the method login execution status is :Fail
2021-11-27 18:05:09 INFO  .:166 - In Test Scenario Login the method minimizeFlyOutWindow execution status is :Fail
2021-11-27 18:05:09 INFO  .:76 - The execution of method logout started here ...
2021-11-27 18:05:09 ERROR .:91 - there is an exception arised during the execution of the method logout,The Exception :org.openqa.selenium.NoSuchElementException: no such element: Unable to locate element: {"method":"xpath","selector":"//a[text()='Logout']"}
  (Session info: chrome=96.0.4664.45)
For documentation on this error, please visit: https://selenium.dev/exceptions/#no_such_element
Build info: version: '4.0.0', revision: '3a21814679'
System info: host: 'DESKTOP-352SGAD', ip: '192.168.153.73', os.name: 'Windows 10', os.arch: 'amd64', os.version: '10.0', java.version: '16.0.1'
Driver info: org.openqa.selenium.chrome.ChromeDriver
Command: [b10b528f69293ec3a8d9859b470b15c7, findElement {using=xpath, value=//a[text()='Logout']}]
Capabilities {acceptInsecureCerts: false, browserName: chrome, browserVersion: 96.0.4664.45, chrome: {chromedriverVersion: 96.0.4664.45 (76e4c1bb2ab46..., userDataDir: C:\Users\PAVAN\AppData\Loca...}, goog:chromeOptions: {debuggerAddress: localhost:56621}, javascriptEnabled: true, networkConnectionEnabled: false, pageLoadStrategy: normal, platform: WINDOWS, platformName: WINDOWS, proxy: Proxy(), se:cdp: ws://localhost:56621/devtoo..., se:cdpVersion: 96.0.4664.45, setWindowRect: true, strictFileInteractability: false, timeouts: {implicit: 0, pageLoad: 300000, script: 30000}, unhandledPromptBehavior: dismiss and notify, webauthn:extension:credBlob: true, webauthn:extension:largeBlob: true, webauthn:virtualAuthenticators: true}
Session ID: b10b528f69293ec3a8d9859b470b15c7
2021-11-27 18:05:10 INFO  .:166 - In Test Scenario Login the method logout execution status is :Fail
2021-11-27 18:05:10 INFO  .:121 - The execution of method closeApplication started here ...
2021-11-27 18:05:10 INFO  .:124 - The execution of method closeApplication ended here ...
2021-11-27 18:05:10 INFO  .:166 - In Test Scenario Login the method closeApplication execution status is :Pass
2021-11-27 18:05:10 INFO  .:180 - +++++++++++++++++++++++++++++++
2021-11-27 18:05:12 INFO  .:86 - The execution of method navigate started here ...
2021-11-27 18:05:21 ERROR .:101 - there is an exception arised during the execution of the method navigate,The Exception :org.openqa.selenium.WebDriverException: unknown error: net::ERR_CONNECTION_REFUSED
  (Session info: chrome=96.0.4664.45)
Build info: version: '4.0.0', revision: '3a21814679'
System info: host: 'DESKTOP-352SGAD', ip: '192.168.153.73', os.name: 'Windows 10', os.arch: 'amd64', os.version: '10.0', java.version: '16.0.1'
Driver info: org.openqa.selenium.chrome.ChromeDriver
Command: [53fe7e1ee4d87d826888651e5eb257fe, get {url=http://localhost/login.do}]
Capabilities {acceptInsecureCerts: false, browserName: chrome, browserVersion: 96.0.4664.45, chrome: {chromedriverVersion: 96.0.4664.45 (76e4c1bb2ab46..., userDataDir: C:\Users\PAVAN\AppData\Loca...}, goog:chromeOptions: {debuggerAddress: localhost:56665}, javascriptEnabled: true, networkConnectionEnabled: false, pageLoadStrategy: normal, platform: WINDOWS, platformName: WINDOWS, proxy: Proxy(), se:cdp: ws://localhost:56665/devtoo..., se:cdpVersion: 96.0.4664.45, setWindowRect: true, strictFileInteractability: false, timeouts: {implicit: 0, pageLoad: 300000, script: 30000}, unhandledPromptBehavior: dismiss and notify, webauthn:extension:credBlob: true, webauthn:extension:largeBlob: true, webauthn:virtualAuthenticators: true}
Session ID: 53fe7e1ee4d87d826888651e5eb257fe
2021-11-27 18:05:22 INFO  .:166 - In Test Scenario CreateUser the method navigate execution status is :Fail
2021-11-27 18:05:22 INFO  .:32 - The execution of method login started here ...
2021-11-27 18:05:22 ERROR .:53 - there is an exception arised during the execution of the method login,The Exception :org.openqa.selenium.NoSuchElementException: no such element: Unable to locate element: {"method":"css selector","selector":"#username"}
  (Session info: chrome=96.0.4664.45)
For documentation on this error, please visit: https://selenium.dev/exceptions/#no_such_element
Build info: version: '4.0.0', revision: '3a21814679'
System info: host: 'DESKTOP-352SGAD', ip: '192.168.153.73', os.name: 'Windows 10', os.arch: 'amd64', os.version: '10.0', java.version: '16.0.1'
Driver info: org.openqa.selenium.chrome.ChromeDriver
Command: [53fe7e1ee4d87d826888651e5eb257fe, findElement {using=id, value=username}]
Capabilities {acceptInsecureCerts: false, browserName: chrome, browserVersion: 96.0.4664.45, chrome: {chromedriverVersion: 96.0.4664.45 (76e4c1bb2ab46..., userDataDir: C:\Users\PAVAN\AppData\Loca...}, goog:chromeOptions: {debuggerAddress: localhost:56665}, javascriptEnabled: true, networkConnectionEnabled: false, pageLoadStrategy: normal, platform: WINDOWS, platformName: WINDOWS, proxy: Proxy(), se:cdp: ws://localhost:56665/devtoo..., se:cdpVersion: 96.0.4664.45, setWindowRect: true, strictFileInteractability: false, timeouts: {implicit: 0, pageLoad: 300000, script: 30000}, unhandledPromptBehavior: dismiss and notify, webauthn:extension:credBlob: true, webauthn:extension:largeBlob: true, webauthn:virtualAuthenticators: true}
Session ID: 53fe7e1ee4d87d826888651e5eb257fe
2021-11-27 18:05:22 INFO  .:166 - In Test Scenario CreateUser the method login execution status is :Fail
2021-11-27 18:05:22 INFO  .:166 - In Test Scenario CreateUser the method minimizeFlyOutWindow execution status is :Fail
2021-11-27 18:05:23 INFO  .:32 - The execution of method createUser started here ...
2021-11-27 18:05:23 ERROR .:63 - there is an exception arised during the execution of the method createUser,The Exception :org.openqa.selenium.NoSuchElementException: no such element: Unable to locate element: {"method":"xpath","selector":"//*[@id='topnav']/tbody/tr[1]/td[5]/a/div[2]"}
  (Session info: chrome=96.0.4664.45)
For documentation on this error, please visit: https://selenium.dev/exceptions/#no_such_element
Build info: version: '4.0.0', revision: '3a21814679'
System info: host: 'DESKTOP-352SGAD', ip: '192.168.153.73', os.name: 'Windows 10', os.arch: 'amd64', os.version: '10.0', java.version: '16.0.1'
Driver info: org.openqa.selenium.chrome.ChromeDriver
Command: [53fe7e1ee4d87d826888651e5eb257fe, findElement {using=xpath, value=//*[@id='topnav']/tbody/tr[1]/td[5]/a/div[2]}]
Capabilities {acceptInsecureCerts: false, browserName: chrome, browserVersion: 96.0.4664.45, chrome: {chromedriverVersion: 96.0.4664.45 (76e4c1bb2ab46..., userDataDir: C:\Users\PAVAN\AppData\Loca...}, goog:chromeOptions: {debuggerAddress: localhost:56665}, javascriptEnabled: true, networkConnectionEnabled: false, pageLoadStrategy: normal, platform: WINDOWS, platformName: WINDOWS, proxy: Proxy(), se:cdp: ws://localhost:56665/devtoo..., se:cdpVersion: 96.0.4664.45, setWindowRect: true, strictFileInteractability: false, timeouts: {implicit: 0, pageLoad: 300000, script: 30000}, unhandledPromptBehavior: dismiss and notify, webauthn:extension:credBlob: true, webauthn:extension:largeBlob: true, webauthn:virtualAuthenticators: true}
Session ID: 53fe7e1ee4d87d826888651e5eb257fe
2021-11-27 18:05:23 INFO  .:166 - In Test Scenario CreateUser the method createUser execution status is :Fail
2021-11-27 18:05:23 INFO  .:131 - The execution of method deleteUser started here ...
2021-11-27 18:05:23 ERROR .:150 - there is an exception arised during the execution of the method deleteUser,The Exception :org.openqa.selenium.NoSuchElementException: no such element: Unable to locate element: {"method":"xpath","selector":"//span[text()='User1, Test']"}
  (Session info: chrome=96.0.4664.45)
For documentation on this error, please visit: https://selenium.dev/exceptions/#no_such_element
Build info: version: '4.0.0', revision: '3a21814679'
System info: host: 'DESKTOP-352SGAD', ip: '192.168.153.73', os.name: 'Windows 10', os.arch: 'amd64', os.version: '10.0', java.version: '16.0.1'
Driver info: org.openqa.selenium.chrome.ChromeDriver
Command: [53fe7e1ee4d87d826888651e5eb257fe, findElement {using=xpath, value=//span[text()='User1, Test']}]
Capabilities {acceptInsecureCerts: false, browserName: chrome, browserVersion: 96.0.4664.45, chrome: {chromedriverVersion: 96.0.4664.45 (76e4c1bb2ab46..., userDataDir: C:\Users\PAVAN\AppData\Loca...}, goog:chromeOptions: {debuggerAddress: localhost:56665}, javascriptEnabled: true, networkConnectionEnabled: false, pageLoadStrategy: normal, platform: WINDOWS, platformName: WINDOWS, proxy: Proxy(), se:cdp: ws://localhost:56665/devtoo..., se:cdpVersion: 96.0.4664.45, setWindowRect: true, strictFileInteractability: false, timeouts: {implicit: 0, pageLoad: 300000, script: 30000}, unhandledPromptBehavior: dismiss and notify, webauthn:extension:credBlob: true, webauthn:extension:largeBlob: true, webauthn:virtualAuthenticators: true}
Session ID: 53fe7e1ee4d87d826888651e5eb257fe
2021-11-27 18:05:23 INFO  .:166 - In Test Scenario CreateUser the method deleteUser execution status is :Fail
2021-11-27 18:05:23 INFO  .:76 - The execution of method logout started here ...
2021-11-27 18:05:23 ERROR .:91 - there is an exception arised during the execution of the method logout,The Exception :org.openqa.selenium.NoSuchElementException: no such element: Unable to locate element: {"method":"xpath","selector":"//a[text()='Logout']"}
  (Session info: chrome=96.0.4664.45)
For documentation on this error, please visit: https://selenium.dev/exceptions/#no_such_element
Build info: version: '4.0.0', revision: '3a21814679'
System info: host: 'DESKTOP-352SGAD', ip: '192.168.153.73', os.name: 'Windows 10', os.arch: 'amd64', os.version: '10.0', java.version: '16.0.1'
Driver info: org.openqa.selenium.chrome.ChromeDriver
Command: [53fe7e1ee4d87d826888651e5eb257fe, findElement {using=xpath, value=//a[text()='Logout']}]
Capabilities {acceptInsecureCerts: false, browserName: chrome, browserVersion: 96.0.4664.45, chrome: {chromedriverVersion: 96.0.4664.45 (76e4c1bb2ab46..., userDataDir: C:\Users\PAVAN\AppData\Loca...}, goog:chromeOptions: {debuggerAddress: localhost:56665}, javascriptEnabled: true, networkConnectionEnabled: false, pageLoadStrategy: normal, platform: WINDOWS, platformName: WINDOWS, proxy: Proxy(), se:cdp: ws://localhost:56665/devtoo..., se:cdpVersion: 96.0.4664.45, setWindowRect: true, strictFileInteractability: false, timeouts: {implicit: 0, pageLoad: 300000, script: 30000}, unhandledPromptBehavior: dismiss and notify, webauthn:extension:credBlob: true, webauthn:extension:largeBlob: true, webauthn:virtualAuthenticators: true}
Session ID: 53fe7e1ee4d87d826888651e5eb257fe
2021-11-27 18:05:23 INFO  .:166 - In Test Scenario CreateUser the method logout execution status is :Fail
2021-11-27 18:05:24 INFO  .:121 - The execution of method closeApplication started here ...
2021-11-27 18:05:24 INFO  .:124 - The execution of method closeApplication ended here ...
2021-11-27 18:05:24 INFO  .:166 - In Test Scenario CreateUser the method closeApplication execution status is :Pass
2021-11-27 18:05:24 INFO  .:180 - +++++++++++++++++++++++++++++++
2021-11-27 18:05:26 INFO  .:86 - The execution of method navigate started here ...
2021-11-27 18:05:35 ERROR .:101 - there is an exception arised during the execution of the method navigate,The Exception :org.openqa.selenium.WebDriverException: unknown error: net::ERR_CONNECTION_REFUSED
  (Session info: chrome=96.0.4664.45)
Build info: version: '4.0.0', revision: '3a21814679'
System info: host: 'DESKTOP-352SGAD', ip: '192.168.153.73', os.name: 'Windows 10', os.arch: 'amd64', os.version: '10.0', java.version: '16.0.1'
Driver info: org.openqa.selenium.chrome.ChromeDriver
Command: [db742257232c5f33a9d498ee9c4b2830, get {url=http://localhost/login.do}]
Capabilities {acceptInsecureCerts: false, browserName: chrome, browserVersion: 96.0.4664.45, chrome: {chromedriverVersion: 96.0.4664.45 (76e4c1bb2ab46..., userDataDir: C:\Users\PAVAN\AppData\Loca...}, goog:chromeOptions: {debuggerAddress: localhost:56709}, javascriptEnabled: true, networkConnectionEnabled: false, pageLoadStrategy: normal, platform: WINDOWS, platformName: WINDOWS, proxy: Proxy(), se:cdp: ws://localhost:56709/devtoo..., se:cdpVersion: 96.0.4664.45, setWindowRect: true, strictFileInteractability: false, timeouts: {implicit: 0, pageLoad: 300000, script: 30000}, unhandledPromptBehavior: dismiss and notify, webauthn:extension:credBlob: true, webauthn:extension:largeBlob: true, webauthn:virtualAuthenticators: true}
Session ID: db742257232c5f33a9d498ee9c4b2830
2021-11-27 18:05:35 INFO  .:166 - In Test Scenario ModifyUser the method navigate execution status is :Fail
2021-11-27 18:05:35 INFO  .:32 - The execution of method login started here ...
2021-11-27 18:05:35 ERROR .:53 - there is an exception arised during the execution of the method login,The Exception :org.openqa.selenium.NoSuchElementException: no such element: Unable to locate element: {"method":"css selector","selector":"#username"}
  (Session info: chrome=96.0.4664.45)
For documentation on this error, please visit: https://selenium.dev/exceptions/#no_such_element
Build info: version: '4.0.0', revision: '3a21814679'
System info: host: 'DESKTOP-352SGAD', ip: '192.168.153.73', os.name: 'Windows 10', os.arch: 'amd64', os.version: '10.0', java.version: '16.0.1'
Driver info: org.openqa.selenium.chrome.ChromeDriver
Command: [db742257232c5f33a9d498ee9c4b2830, findElement {using=id, value=username}]
Capabilities {acceptInsecureCerts: false, browserName: chrome, browserVersion: 96.0.4664.45, chrome: {chromedriverVersion: 96.0.4664.45 (76e4c1bb2ab46..., userDataDir: C:\Users\PAVAN\AppData\Loca...}, goog:chromeOptions: {debuggerAddress: localhost:56709}, javascriptEnabled: true, networkConnectionEnabled: false, pageLoadStrategy: normal, platform: WINDOWS, platformName: WINDOWS, proxy: Proxy(), se:cdp: ws://localhost:56709/devtoo..., se:cdpVersion: 96.0.4664.45, setWindowRect: true, strictFileInteractability: false, timeouts: {implicit: 0, pageLoad: 300000, script: 30000}, unhandledPromptBehavior: dismiss and notify, webauthn:extension:credBlob: true, webauthn:extension:largeBlob: true, webauthn:virtualAuthenticators: true}
Session ID: db742257232c5f33a9d498ee9c4b2830
2021-11-27 18:05:36 INFO  .:166 - In Test Scenario ModifyUser the method login execution status is :Fail
2021-11-27 18:05:36 INFO  .:166 - In Test Scenario ModifyUser the method minimizeFlyOutWindow execution status is :Fail
2021-11-27 18:05:36 INFO  .:32 - The execution of method createUser started here ...
2021-11-27 18:05:36 ERROR .:63 - there is an exception arised during the execution of the method createUser,The Exception :org.openqa.selenium.NoSuchElementException: no such element: Unable to locate element: {"method":"xpath","selector":"//*[@id='topnav']/tbody/tr[1]/td[5]/a/div[2]"}
  (Session info: chrome=96.0.4664.45)
For documentation on this error, please visit: https://selenium.dev/exceptions/#no_such_element
Build info: version: '4.0.0', revision: '3a21814679'
System info: host: 'DESKTOP-352SGAD', ip: '192.168.153.73', os.name: 'Windows 10', os.arch: 'amd64', os.version: '10.0', java.version: '16.0.1'
Driver info: org.openqa.selenium.chrome.ChromeDriver
Command: [db742257232c5f33a9d498ee9c4b2830, findElement {using=xpath, value=//*[@id='topnav']/tbody/tr[1]/td[5]/a/div[2]}]
Capabilities {acceptInsecureCerts: false, browserName: chrome, browserVersion: 96.0.4664.45, chrome: {chromedriverVersion: 96.0.4664.45 (76e4c1bb2ab46..., userDataDir: C:\Users\PAVAN\AppData\Loca...}, goog:chromeOptions: {debuggerAddress: localhost:56709}, javascriptEnabled: true, networkConnectionEnabled: false, pageLoadStrategy: normal, platform: WINDOWS, platformName: WINDOWS, proxy: Proxy(), se:cdp: ws://localhost:56709/devtoo..., se:cdpVersion: 96.0.4664.45, setWindowRect: true, strictFileInteractability: false, timeouts: {implicit: 0, pageLoad: 300000, script: 30000}, unhandledPromptBehavior: dismiss and notify, webauthn:extension:credBlob: true, webauthn:extension:largeBlob: true, webauthn:virtualAuthenticators: true}
Session ID: db742257232c5f33a9d498ee9c4b2830
2021-11-27 18:05:36 INFO  .:166 - In Test Scenario ModifyUser the method createUser execution status is :Fail
2021-11-27 18:05:37 INFO  .:86 - The execution of method modifyUser started here ...
2021-11-27 18:05:37 ERROR .:109 - there is an exception arised during the execution of the method modifyUser,The Exception :org.openqa.selenium.NoSuchElementException: no such element: Unable to locate element: {"method":"xpath","selector":"//span[text()='User1, Test']"}
  (Session info: chrome=96.0.4664.45)
For documentation on this error, please visit: https://selenium.dev/exceptions/#no_such_element
Build info: version: '4.0.0', revision: '3a21814679'
System info: host: 'DESKTOP-352SGAD', ip: '192.168.153.73', os.name: 'Windows 10', os.arch: 'amd64', os.version: '10.0', java.version: '16.0.1'
Driver info: org.openqa.selenium.chrome.ChromeDriver
Command: [db742257232c5f33a9d498ee9c4b2830, findElement {using=xpath, value=//span[text()='User1, Test']}]
Capabilities {acceptInsecureCerts: false, browserName: chrome, browserVersion: 96.0.4664.45, chrome: {chromedriverVersion: 96.0.4664.45 (76e4c1bb2ab46..., userDataDir: C:\Users\PAVAN\AppData\Loca...}, goog:chromeOptions: {debuggerAddress: localhost:56709}, javascriptEnabled: true, networkConnectionEnabled: false, pageLoadStrategy: normal, platform: WINDOWS, platformName: WINDOWS, proxy: Proxy(), se:cdp: ws://localhost:56709/devtoo..., se:cdpVersion: 96.0.4664.45, setWindowRect: true, strictFileInteractability: false, timeouts: {implicit: 0, pageLoad: 300000, script: 30000}, unhandledPromptBehavior: dismiss and notify, webauthn:extension:credBlob: true, webauthn:extension:largeBlob: true, webauthn:virtualAuthenticators: true}
Session ID: db742257232c5f33a9d498ee9c4b2830
2021-11-27 18:05:37 INFO  .:166 - In Test Scenario ModifyUser the method modifyUser execution status is :Fail
2021-11-27 18:05:37 INFO  .:131 - The execution of method deleteUser started here ...
2021-11-27 18:05:37 ERROR .:150 - there is an exception arised during the execution of the method deleteUser,The Exception :org.openqa.selenium.NoSuchElementException: no such element: Unable to locate element: {"method":"xpath","selector":"//span[text()='User1, Test']"}
  (Session info: chrome=96.0.4664.45)
For documentation on this error, please visit: https://selenium.dev/exceptions/#no_such_element
Build info: version: '4.0.0', revision: '3a21814679'
System info: host: 'DESKTOP-352SGAD', ip: '192.168.153.73', os.name: 'Windows 10', os.arch: 'amd64', os.version: '10.0', java.version: '16.0.1'
Driver info: org.openqa.selenium.chrome.ChromeDriver
Command: [db742257232c5f33a9d498ee9c4b2830, findElement {using=xpath, value=//span[text()='User1, Test']}]
Capabilities {acceptInsecureCerts: false, browserName: chrome, browserVersion: 96.0.4664.45, chrome: {chromedriverVersion: 96.0.4664.45 (76e4c1bb2ab46..., userDataDir: C:\Users\PAVAN\AppData\Loca...}, goog:chromeOptions: {debuggerAddress: localhost:56709}, javascriptEnabled: true, networkConnectionEnabled: false, pageLoadStrategy: normal, platform: WINDOWS, platformName: WINDOWS, proxy: Proxy(), se:cdp: ws://localhost:56709/devtoo..., se:cdpVersion: 96.0.4664.45, setWindowRect: true, strictFileInteractability: false, timeouts: {implicit: 0, pageLoad: 300000, script: 30000}, unhandledPromptBehavior: dismiss and notify, webauthn:extension:credBlob: true, webauthn:extension:largeBlob: true, webauthn:virtualAuthenticators: true}
Session ID: db742257232c5f33a9d498ee9c4b2830
2021-11-27 18:05:37 INFO  .:166 - In Test Scenario ModifyUser the method deleteUser execution status is :Fail
2021-11-27 18:05:37 INFO  .:76 - The execution of method logout started here ...
2021-11-27 18:05:37 ERROR .:91 - there is an exception arised during the execution of the method logout,The Exception :org.openqa.selenium.NoSuchElementException: no such element: Unable to locate element: {"method":"xpath","selector":"//a[text()='Logout']"}
  (Session info: chrome=96.0.4664.45)
For documentation on this error, please visit: https://selenium.dev/exceptions/#no_such_element
Build info: version: '4.0.0', revision: '3a21814679'
System info: host: 'DESKTOP-352SGAD', ip: '192.168.153.73', os.name: 'Windows 10', os.arch: 'amd64', os.version: '10.0', java.version: '16.0.1'
Driver info: org.openqa.selenium.chrome.ChromeDriver
Command: [db742257232c5f33a9d498ee9c4b2830, findElement {using=xpath, value=//a[text()='Logout']}]
Capabilities {acceptInsecureCerts: false, browserName: chrome, browserVersion: 96.0.4664.45, chrome: {chromedriverVersion: 96.0.4664.45 (76e4c1bb2ab46..., userDataDir: C:\Users\PAVAN\AppData\Loca...}, goog:chromeOptions: {debuggerAddress: localhost:56709}, javascriptEnabled: true, networkConnectionEnabled: false, pageLoadStrategy: normal, platform: WINDOWS, platformName: WINDOWS, proxy: Proxy(), se:cdp: ws://localhost:56709/devtoo..., se:cdpVersion: 96.0.4664.45, setWindowRect: true, strictFileInteractability: false, timeouts: {implicit: 0, pageLoad: 300000, script: 30000}, unhandledPromptBehavior: dismiss and notify, webauthn:extension:credBlob: true, webauthn:extension:largeBlob: true, webauthn:virtualAuthenticators: true}
Session ID: db742257232c5f33a9d498ee9c4b2830
2021-11-27 18:05:37 INFO  .:166 - In Test Scenario ModifyUser the method logout execution status is :Fail
2021-11-27 18:05:38 INFO  .:121 - The execution of method closeApplication started here ...
2021-11-27 18:05:38 INFO  .:124 - The execution of method closeApplication ended here ...
2021-11-27 18:05:38 INFO  .:166 - In Test Scenario ModifyUser the method closeApplication execution status is :Pass
2021-11-27 18:05:38 INFO  .:180 - +++++++++++++++++++++++++++++++
2021-11-27 18:05:38 INFO  .:180 - +++++++++++++++++++++++++++++++
2021-11-27 18:05:38 INFO  .:180 - +++++++++++++++++++++++++++++++
2021-11-27 18:05:38 INFO  .:180 - +++++++++++++++++++++++++++++++
2021-11-27 18:05:38 INFO  .:180 - +++++++++++++++++++++++++++++++
2021-11-27 18:05:38 INFO  .:183 - The execution of method executeTestScenarios ended here ...
2021-11-27 18:05:38 INFO  .:205 - The execution of method endAutomationSuite ended here ...
2021-11-27 18:05:38 INFO  .:208 - The execution of method endAutomationSuite ended here ...
2021-11-27 18:06:20 INFO  .:69 - The execution of method loadFiles started here ...
2021-11-27 18:06:20 INFO  .:84 - The execution of method loadFiles ended here ...
2021-11-27 18:06:24 INFO  .:86 - The execution of method navigate started here ...
2021-11-27 18:06:33 ERROR .:101 - there is an exception arised during the execution of the method navigate,The Exception :org.openqa.selenium.WebDriverException: unknown error: net::ERR_CONNECTION_REFUSED
  (Session info: chrome=96.0.4664.45)
Build info: version: '4.0.0', revision: '3a21814679'
System info: host: 'DESKTOP-352SGAD', ip: '192.168.153.73', os.name: 'Windows 10', os.arch: 'amd64', os.version: '10.0', java.version: '16.0.1'
Driver info: org.openqa.selenium.chrome.ChromeDriver
Command: [7fd876956283804f9af8989069ced31c, get {url=http://localhost/login.do}]
Capabilities {acceptInsecureCerts: false, browserName: chrome, browserVersion: 96.0.4664.45, chrome: {chromedriverVersion: 96.0.4664.45 (76e4c1bb2ab46..., userDataDir: C:\Users\PAVAN\AppData\Loca...}, goog:chromeOptions: {debuggerAddress: localhost:56754}, javascriptEnabled: true, networkConnectionEnabled: false, pageLoadStrategy: normal, platform: WINDOWS, platformName: WINDOWS, proxy: Proxy(), se:cdp: ws://localhost:56754/devtoo..., se:cdpVersion: 96.0.4664.45, setWindowRect: true, strictFileInteractability: false, timeouts: {implicit: 0, pageLoad: 300000, script: 30000}, unhandledPromptBehavior: dismiss and notify, webauthn:extension:credBlob: true, webauthn:extension:largeBlob: true, webauthn:virtualAuthenticators: true}
Session ID: 7fd876956283804f9af8989069ced31c
2021-11-27 18:06:34 INFO  .:166 - In Test Scenario Login the method navigate execution status is :Fail
2021-11-27 18:06:34 INFO  .:32 - The execution of method login started here ...
2021-11-27 18:06:34 ERROR .:53 - there is an exception arised during the execution of the method login,The Exception :org.openqa.selenium.NoSuchElementException: no such element: Unable to locate element: {"method":"css selector","selector":"#username"}
  (Session info: chrome=96.0.4664.45)
For documentation on this error, please visit: https://selenium.dev/exceptions/#no_such_element
Build info: version: '4.0.0', revision: '3a21814679'
System info: host: 'DESKTOP-352SGAD', ip: '192.168.153.73', os.name: 'Windows 10', os.arch: 'amd64', os.version: '10.0', java.version: '16.0.1'
Driver info: org.openqa.selenium.chrome.ChromeDriver
Command: [7fd876956283804f9af8989069ced31c, findElement {using=id, value=username}]
Capabilities {acceptInsecureCerts: false, browserName: chrome, browserVersion: 96.0.4664.45, chrome: {chromedriverVersion: 96.0.4664.45 (76e4c1bb2ab46..., userDataDir: C:\Users\PAVAN\AppData\Loca...}, goog:chromeOptions: {debuggerAddress: localhost:56754}, javascriptEnabled: true, networkConnectionEnabled: false, pageLoadStrategy: normal, platform: WINDOWS, platformName: WINDOWS, proxy: Proxy(), se:cdp: ws://localhost:56754/devtoo..., se:cdpVersion: 96.0.4664.45, setWindowRect: true, strictFileInteractability: false, timeouts: {implicit: 0, pageLoad: 300000, script: 30000}, unhandledPromptBehavior: dismiss and notify, webauthn:extension:credBlob: true, webauthn:extension:largeBlob: true, webauthn:virtualAuthenticators: true}
Session ID: 7fd876956283804f9af8989069ced31c
2021-11-27 18:06:34 INFO  .:166 - In Test Scenario Login the method login execution status is :Fail
2021-11-27 18:06:35 INFO  .:166 - In Test Scenario Login the method minimizeFlyOutWindow execution status is :Fail
2021-11-27 18:06:35 INFO  .:76 - The execution of method logout started here ...
2021-11-27 18:06:35 ERROR .:91 - there is an exception arised during the execution of the method logout,The Exception :org.openqa.selenium.NoSuchElementException: no such element: Unable to locate element: {"method":"xpath","selector":"//a[text()='Logout']"}
  (Session info: chrome=96.0.4664.45)
For documentation on this error, please visit: https://selenium.dev/exceptions/#no_such_element
Build info: version: '4.0.0', revision: '3a21814679'
System info: host: 'DESKTOP-352SGAD', ip: '192.168.153.73', os.name: 'Windows 10', os.arch: 'amd64', os.version: '10.0', java.version: '16.0.1'
Driver info: org.openqa.selenium.chrome.ChromeDriver
Command: [7fd876956283804f9af8989069ced31c, findElement {using=xpath, value=//a[text()='Logout']}]
Capabilities {acceptInsecureCerts: false, browserName: chrome, browserVersion: 96.0.4664.45, chrome: {chromedriverVersion: 96.0.4664.45 (76e4c1bb2ab46..., userDataDir: C:\Users\PAVAN\AppData\Loca...}, goog:chromeOptions: {debuggerAddress: localhost:56754}, javascriptEnabled: true, networkConnectionEnabled: false, pageLoadStrategy: normal, platform: WINDOWS, platformName: WINDOWS, proxy: Proxy(), se:cdp: ws://localhost:56754/devtoo..., se:cdpVersion: 96.0.4664.45, setWindowRect: true, strictFileInteractability: false, timeouts: {implicit: 0, pageLoad: 300000, script: 30000}, unhandledPromptBehavior: dismiss and notify, webauthn:extension:credBlob: true, webauthn:extension:largeBlob: true, webauthn:virtualAuthenticators: true}
Session ID: 7fd876956283804f9af8989069ced31c
2021-11-27 18:06:35 INFO  .:166 - In Test Scenario Login the method logout execution status is :Fail
2021-11-27 18:06:35 INFO  .:121 - The execution of method closeApplication started here ...
2021-11-27 18:06:36 INFO  .:124 - The execution of method closeApplication ended here ...
2021-11-27 18:06:36 INFO  .:166 - In Test Scenario Login the method closeApplication execution status is :Pass
2021-11-27 18:06:36 INFO  .:180 - +++++++++++++++++++++++++++++++
2021-11-27 18:06:38 INFO  .:86 - The execution of method navigate started here ...
2021-11-27 18:06:46 ERROR .:101 - there is an exception arised during the execution of the method navigate,The Exception :org.openqa.selenium.WebDriverException: unknown error: net::ERR_CONNECTION_REFUSED
  (Session info: chrome=96.0.4664.45)
Build info: version: '4.0.0', revision: '3a21814679'
System info: host: 'DESKTOP-352SGAD', ip: '192.168.153.73', os.name: 'Windows 10', os.arch: 'amd64', os.version: '10.0', java.version: '16.0.1'
Driver info: org.openqa.selenium.chrome.ChromeDriver
Command: [62d464f32f2dea8c181e70d78427e18f, get {url=http://localhost/login.do}]
Capabilities {acceptInsecureCerts: false, browserName: chrome, browserVersion: 96.0.4664.45, chrome: {chromedriverVersion: 96.0.4664.45 (76e4c1bb2ab46..., userDataDir: C:\Users\PAVAN\AppData\Loca...}, goog:chromeOptions: {debuggerAddress: localhost:56797}, javascriptEnabled: true, networkConnectionEnabled: false, pageLoadStrategy: normal, platform: WINDOWS, platformName: WINDOWS, proxy: Proxy(), se:cdp: ws://localhost:56797/devtoo..., se:cdpVersion: 96.0.4664.45, setWindowRect: true, strictFileInteractability: false, timeouts: {implicit: 0, pageLoad: 300000, script: 30000}, unhandledPromptBehavior: dismiss and notify, webauthn:extension:credBlob: true, webauthn:extension:largeBlob: true, webauthn:virtualAuthenticators: true}
Session ID: 62d464f32f2dea8c181e70d78427e18f
2021-11-27 18:06:47 INFO  .:166 - In Test Scenario CreateUser the method navigate execution status is :Fail
2021-11-27 18:06:47 INFO  .:32 - The execution of method login started here ...
2021-11-27 18:06:47 ERROR .:53 - there is an exception arised during the execution of the method login,The Exception :org.openqa.selenium.NoSuchElementException: no such element: Unable to locate element: {"method":"css selector","selector":"#username"}
  (Session info: chrome=96.0.4664.45)
For documentation on this error, please visit: https://selenium.dev/exceptions/#no_such_element
Build info: version: '4.0.0', revision: '3a21814679'
System info: host: 'DESKTOP-352SGAD', ip: '192.168.153.73', os.name: 'Windows 10', os.arch: 'amd64', os.version: '10.0', java.version: '16.0.1'
Driver info: org.openqa.selenium.chrome.ChromeDriver
Command: [62d464f32f2dea8c181e70d78427e18f, findElement {using=id, value=username}]
Capabilities {acceptInsecureCerts: false, browserName: chrome, browserVersion: 96.0.4664.45, chrome: {chromedriverVersion: 96.0.4664.45 (76e4c1bb2ab46..., userDataDir: C:\Users\PAVAN\AppData\Loca...}, goog:chromeOptions: {debuggerAddress: localhost:56797}, javascriptEnabled: true, networkConnectionEnabled: false, pageLoadStrategy: normal, platform: WINDOWS, platformName: WINDOWS, proxy: Proxy(), se:cdp: ws://localhost:56797/devtoo..., se:cdpVersion: 96.0.4664.45, setWindowRect: true, strictFileInteractability: false, timeouts: {implicit: 0, pageLoad: 300000, script: 30000}, unhandledPromptBehavior: dismiss and notify, webauthn:extension:credBlob: true, webauthn:extension:largeBlob: true, webauthn:virtualAuthenticators: true}
Session ID: 62d464f32f2dea8c181e70d78427e18f
2021-11-27 18:06:47 INFO  .:166 - In Test Scenario CreateUser the method login execution status is :Fail
2021-11-27 18:06:48 INFO  .:166 - In Test Scenario CreateUser the method minimizeFlyOutWindow execution status is :Fail
2021-11-27 18:06:48 INFO  .:32 - The execution of method createUser started here ...
2021-11-27 18:06:48 ERROR .:63 - there is an exception arised during the execution of the method createUser,The Exception :org.openqa.selenium.NoSuchElementException: no such element: Unable to locate element: {"method":"xpath","selector":"//*[@id='topnav']/tbody/tr[1]/td[5]/a/div[2]"}
  (Session info: chrome=96.0.4664.45)
For documentation on this error, please visit: https://selenium.dev/exceptions/#no_such_element
Build info: version: '4.0.0', revision: '3a21814679'
System info: host: 'DESKTOP-352SGAD', ip: '192.168.153.73', os.name: 'Windows 10', os.arch: 'amd64', os.version: '10.0', java.version: '16.0.1'
Driver info: org.openqa.selenium.chrome.ChromeDriver
Command: [62d464f32f2dea8c181e70d78427e18f, findElement {using=xpath, value=//*[@id='topnav']/tbody/tr[1]/td[5]/a/div[2]}]
Capabilities {acceptInsecureCerts: false, browserName: chrome, browserVersion: 96.0.4664.45, chrome: {chromedriverVersion: 96.0.4664.45 (76e4c1bb2ab46..., userDataDir: C:\Users\PAVAN\AppData\Loca...}, goog:chromeOptions: {debuggerAddress: localhost:56797}, javascriptEnabled: true, networkConnectionEnabled: false, pageLoadStrategy: normal, platform: WINDOWS, platformName: WINDOWS, proxy: Proxy(), se:cdp: ws://localhost:56797/devtoo..., se:cdpVersion: 96.0.4664.45, setWindowRect: true, strictFileInteractability: false, timeouts: {implicit: 0, pageLoad: 300000, script: 30000}, unhandledPromptBehavior: dismiss and notify, webauthn:extension:credBlob: true, webauthn:extension:largeBlob: true, webauthn:virtualAuthenticators: true}
Session ID: 62d464f32f2dea8c181e70d78427e18f
2021-11-27 18:06:48 INFO  .:166 - In Test Scenario CreateUser the method createUser execution status is :Fail
2021-11-27 18:06:48 INFO  .:131 - The execution of method deleteUser started here ...
2021-11-27 18:06:48 ERROR .:150 - there is an exception arised during the execution of the method deleteUser,The Exception :org.openqa.selenium.NoSuchElementException: no such element: Unable to locate element: {"method":"xpath","selector":"//span[text()='User1, Test']"}
  (Session info: chrome=96.0.4664.45)
For documentation on this error, please visit: https://selenium.dev/exceptions/#no_such_element
Build info: version: '4.0.0', revision: '3a21814679'
System info: host: 'DESKTOP-352SGAD', ip: '192.168.153.73', os.name: 'Windows 10', os.arch: 'amd64', os.version: '10.0', java.version: '16.0.1'
Driver info: org.openqa.selenium.chrome.ChromeDriver
Command: [62d464f32f2dea8c181e70d78427e18f, findElement {using=xpath, value=//span[text()='User1, Test']}]
Capabilities {acceptInsecureCerts: false, browserName: chrome, browserVersion: 96.0.4664.45, chrome: {chromedriverVersion: 96.0.4664.45 (76e4c1bb2ab46..., userDataDir: C:\Users\PAVAN\AppData\Loca...}, goog:chromeOptions: {debuggerAddress: localhost:56797}, javascriptEnabled: true, networkConnectionEnabled: false, pageLoadStrategy: normal, platform: WINDOWS, platformName: WINDOWS, proxy: Proxy(), se:cdp: ws://localhost:56797/devtoo..., se:cdpVersion: 96.0.4664.45, setWindowRect: true, strictFileInteractability: false, timeouts: {implicit: 0, pageLoad: 300000, script: 30000}, unhandledPromptBehavior: dismiss and notify, webauthn:extension:credBlob: true, webauthn:extension:largeBlob: true, webauthn:virtualAuthenticators: true}
Session ID: 62d464f32f2dea8c181e70d78427e18f
2021-11-27 18:06:49 INFO  .:166 - In Test Scenario CreateUser the method deleteUser execution status is :Fail
2021-11-27 18:06:49 INFO  .:76 - The execution of method logout started here ...
2021-11-27 18:06:49 ERROR .:91 - there is an exception arised during the execution of the method logout,The Exception :org.openqa.selenium.NoSuchElementException: no such element: Unable to locate element: {"method":"xpath","selector":"//a[text()='Logout']"}
  (Session info: chrome=96.0.4664.45)
For documentation on this error, please visit: https://selenium.dev/exceptions/#no_such_element
Build info: version: '4.0.0', revision: '3a21814679'
System info: host: 'DESKTOP-352SGAD', ip: '192.168.153.73', os.name: 'Windows 10', os.arch: 'amd64', os.version: '10.0', java.version: '16.0.1'
Driver info: org.openqa.selenium.chrome.ChromeDriver
Command: [62d464f32f2dea8c181e70d78427e18f, findElement {using=xpath, value=//a[text()='Logout']}]
Capabilities {acceptInsecureCerts: false, browserName: chrome, browserVersion: 96.0.4664.45, chrome: {chromedriverVersion: 96.0.4664.45 (76e4c1bb2ab46..., userDataDir: C:\Users\PAVAN\AppData\Loca...}, goog:chromeOptions: {debuggerAddress: localhost:56797}, javascriptEnabled: true, networkConnectionEnabled: false, pageLoadStrategy: normal, platform: WINDOWS, platformName: WINDOWS, proxy: Proxy(), se:cdp: ws://localhost:56797/devtoo..., se:cdpVersion: 96.0.4664.45, setWindowRect: true, strictFileInteractability: false, timeouts: {implicit: 0, pageLoad: 300000, script: 30000}, unhandledPromptBehavior: dismiss and notify, webauthn:extension:credBlob: true, webauthn:extension:largeBlob: true, webauthn:virtualAuthenticators: true}
Session ID: 62d464f32f2dea8c181e70d78427e18f
2021-11-27 18:06:49 INFO  .:166 - In Test Scenario CreateUser the method logout execution status is :Fail
2021-11-27 18:06:49 INFO  .:121 - The execution of method closeApplication started here ...
2021-11-27 18:06:49 INFO  .:124 - The execution of method closeApplication ended here ...
2021-11-27 18:06:49 INFO  .:166 - In Test Scenario CreateUser the method closeApplication execution status is :Pass
2021-11-27 18:06:49 INFO  .:180 - +++++++++++++++++++++++++++++++
2021-11-27 18:06:51 INFO  .:86 - The execution of method navigate started here ...
2021-11-27 18:07:00 ERROR .:101 - there is an exception arised during the execution of the method navigate,The Exception :org.openqa.selenium.WebDriverException: unknown error: net::ERR_CONNECTION_REFUSED
  (Session info: chrome=96.0.4664.45)
Build info: version: '4.0.0', revision: '3a21814679'
System info: host: 'DESKTOP-352SGAD', ip: '192.168.153.73', os.name: 'Windows 10', os.arch: 'amd64', os.version: '10.0', java.version: '16.0.1'
Driver info: org.openqa.selenium.chrome.ChromeDriver
Command: [acb6af995ee0ecc76b5fbcc3237e8d1d, get {url=http://localhost/login.do}]
Capabilities {acceptInsecureCerts: false, browserName: chrome, browserVersion: 96.0.4664.45, chrome: {chromedriverVersion: 96.0.4664.45 (76e4c1bb2ab46..., userDataDir: C:\Users\PAVAN\AppData\Loca...}, goog:chromeOptions: {debuggerAddress: localhost:56840}, javascriptEnabled: true, networkConnectionEnabled: false, pageLoadStrategy: normal, platform: WINDOWS, platformName: WINDOWS, proxy: Proxy(), se:cdp: ws://localhost:56840/devtoo..., se:cdpVersion: 96.0.4664.45, setWindowRect: true, strictFileInteractability: false, timeouts: {implicit: 0, pageLoad: 300000, script: 30000}, unhandledPromptBehavior: dismiss and notify, webauthn:extension:credBlob: true, webauthn:extension:largeBlob: true, webauthn:virtualAuthenticators: true}
Session ID: acb6af995ee0ecc76b5fbcc3237e8d1d
2021-11-27 18:07:00 INFO  .:166 - In Test Scenario ModifyUser the method navigate execution status is :Fail
2021-11-27 18:07:00 INFO  .:32 - The execution of method login started here ...
2021-11-27 18:07:00 ERROR .:53 - there is an exception arised during the execution of the method login,The Exception :org.openqa.selenium.NoSuchElementException: no such element: Unable to locate element: {"method":"css selector","selector":"#username"}
  (Session info: chrome=96.0.4664.45)
For documentation on this error, please visit: https://selenium.dev/exceptions/#no_such_element
Build info: version: '4.0.0', revision: '3a21814679'
System info: host: 'DESKTOP-352SGAD', ip: '192.168.153.73', os.name: 'Windows 10', os.arch: 'amd64', os.version: '10.0', java.version: '16.0.1'
Driver info: org.openqa.selenium.chrome.ChromeDriver
Command: [acb6af995ee0ecc76b5fbcc3237e8d1d, findElement {using=id, value=username}]
Capabilities {acceptInsecureCerts: false, browserName: chrome, browserVersion: 96.0.4664.45, chrome: {chromedriverVersion: 96.0.4664.45 (76e4c1bb2ab46..., userDataDir: C:\Users\PAVAN\AppData\Loca...}, goog:chromeOptions: {debuggerAddress: localhost:56840}, javascriptEnabled: true, networkConnectionEnabled: false, pageLoadStrategy: normal, platform: WINDOWS, platformName: WINDOWS, proxy: Proxy(), se:cdp: ws://localhost:56840/devtoo..., se:cdpVersion: 96.0.4664.45, setWindowRect: true, strictFileInteractability: false, timeouts: {implicit: 0, pageLoad: 300000, script: 30000}, unhandledPromptBehavior: dismiss and notify, webauthn:extension:credBlob: true, webauthn:extension:largeBlob: true, webauthn:virtualAuthenticators: true}
Session ID: acb6af995ee0ecc76b5fbcc3237e8d1d
2021-11-27 18:07:00 INFO  .:166 - In Test Scenario ModifyUser the method login execution status is :Fail
2021-11-27 18:07:01 INFO  .:166 - In Test Scenario ModifyUser the method minimizeFlyOutWindow execution status is :Fail
2021-11-27 18:07:01 INFO  .:32 - The execution of method createUser started here ...
2021-11-27 18:07:01 ERROR .:63 - there is an exception arised during the execution of the method createUser,The Exception :org.openqa.selenium.NoSuchElementException: no such element: Unable to locate element: {"method":"xpath","selector":"//*[@id='topnav']/tbody/tr[1]/td[5]/a/div[2]"}
  (Session info: chrome=96.0.4664.45)
For documentation on this error, please visit: https://selenium.dev/exceptions/#no_such_element
Build info: version: '4.0.0', revision: '3a21814679'
System info: host: 'DESKTOP-352SGAD', ip: '192.168.153.73', os.name: 'Windows 10', os.arch: 'amd64', os.version: '10.0', java.version: '16.0.1'
Driver info: org.openqa.selenium.chrome.ChromeDriver
Command: [acb6af995ee0ecc76b5fbcc3237e8d1d, findElement {using=xpath, value=//*[@id='topnav']/tbody/tr[1]/td[5]/a/div[2]}]
Capabilities {acceptInsecureCerts: false, browserName: chrome, browserVersion: 96.0.4664.45, chrome: {chromedriverVersion: 96.0.4664.45 (76e4c1bb2ab46..., userDataDir: C:\Users\PAVAN\AppData\Loca...}, goog:chromeOptions: {debuggerAddress: localhost:56840}, javascriptEnabled: true, networkConnectionEnabled: false, pageLoadStrategy: normal, platform: WINDOWS, platformName: WINDOWS, proxy: Proxy(), se:cdp: ws://localhost:56840/devtoo..., se:cdpVersion: 96.0.4664.45, setWindowRect: true, strictFileInteractability: false, timeouts: {implicit: 0, pageLoad: 300000, script: 30000}, unhandledPromptBehavior: dismiss and notify, webauthn:extension:credBlob: true, webauthn:extension:largeBlob: true, webauthn:virtualAuthenticators: true}
Session ID: acb6af995ee0ecc76b5fbcc3237e8d1d
2021-11-27 18:07:01 INFO  .:166 - In Test Scenario ModifyUser the method createUser execution status is :Fail
2021-11-27 18:07:01 INFO  .:86 - The execution of method modifyUser started here ...
2021-11-27 18:07:01 ERROR .:109 - there is an exception arised during the execution of the method modifyUser,The Exception :org.openqa.selenium.NoSuchElementException: no such element: Unable to locate element: {"method":"xpath","selector":"//span[text()='User1, Test']"}
  (Session info: chrome=96.0.4664.45)
For documentation on this error, please visit: https://selenium.dev/exceptions/#no_such_element
Build info: version: '4.0.0', revision: '3a21814679'
System info: host: 'DESKTOP-352SGAD', ip: '192.168.153.73', os.name: 'Windows 10', os.arch: 'amd64', os.version: '10.0', java.version: '16.0.1'
Driver info: org.openqa.selenium.chrome.ChromeDriver
Command: [acb6af995ee0ecc76b5fbcc3237e8d1d, findElement {using=xpath, value=//span[text()='User1, Test']}]
Capabilities {acceptInsecureCerts: false, browserName: chrome, browserVersion: 96.0.4664.45, chrome: {chromedriverVersion: 96.0.4664.45 (76e4c1bb2ab46..., userDataDir: C:\Users\PAVAN\AppData\Loca...}, goog:chromeOptions: {debuggerAddress: localhost:56840}, javascriptEnabled: true, networkConnectionEnabled: false, pageLoadStrategy: normal, platform: WINDOWS, platformName: WINDOWS, proxy: Proxy(), se:cdp: ws://localhost:56840/devtoo..., se:cdpVersion: 96.0.4664.45, setWindowRect: true, strictFileInteractability: false, timeouts: {implicit: 0, pageLoad: 300000, script: 30000}, unhandledPromptBehavior: dismiss and notify, webauthn:extension:credBlob: true, webauthn:extension:largeBlob: true, webauthn:virtualAuthenticators: true}
Session ID: acb6af995ee0ecc76b5fbcc3237e8d1d
2021-11-27 18:07:02 INFO  .:166 - In Test Scenario ModifyUser the method modifyUser execution status is :Fail
2021-11-27 18:07:02 INFO  .:131 - The execution of method deleteUser started here ...
2021-11-27 18:07:02 ERROR .:150 - there is an exception arised during the execution of the method deleteUser,The Exception :org.openqa.selenium.NoSuchElementException: no such element: Unable to locate element: {"method":"xpath","selector":"//span[text()='User1, Test']"}
  (Session info: chrome=96.0.4664.45)
For documentation on this error, please visit: https://selenium.dev/exceptions/#no_such_element
Build info: version: '4.0.0', revision: '3a21814679'
System info: host: 'DESKTOP-352SGAD', ip: '192.168.153.73', os.name: 'Windows 10', os.arch: 'amd64', os.version: '10.0', java.version: '16.0.1'
Driver info: org.openqa.selenium.chrome.ChromeDriver
Command: [acb6af995ee0ecc76b5fbcc3237e8d1d, findElement {using=xpath, value=//span[text()='User1, Test']}]
Capabilities {acceptInsecureCerts: false, browserName: chrome, browserVersion: 96.0.4664.45, chrome: {chromedriverVersion: 96.0.4664.45 (76e4c1bb2ab46..., userDataDir: C:\Users\PAVAN\AppData\Loca...}, goog:chromeOptions: {debuggerAddress: localhost:56840}, javascriptEnabled: true, networkConnectionEnabled: false, pageLoadStrategy: normal, platform: WINDOWS, platformName: WINDOWS, proxy: Proxy(), se:cdp: ws://localhost:56840/devtoo..., se:cdpVersion: 96.0.4664.45, setWindowRect: true, strictFileInteractability: false, timeouts: {implicit: 0, pageLoad: 300000, script: 30000}, unhandledPromptBehavior: dismiss and notify, webauthn:extension:credBlob: true, webauthn:extension:largeBlob: true, webauthn:virtualAuthenticators: true}
Session ID: acb6af995ee0ecc76b5fbcc3237e8d1d
2021-11-27 18:07:02 INFO  .:166 - In Test Scenario ModifyUser the method deleteUser execution status is :Fail
2021-11-27 18:07:02 INFO  .:76 - The execution of method logout started here ...
2021-11-27 18:07:02 ERROR .:91 - there is an exception arised during the execution of the method logout,The Exception :org.openqa.selenium.NoSuchElementException: no such element: Unable to locate element: {"method":"xpath","selector":"//a[text()='Logout']"}
  (Session info: chrome=96.0.4664.45)
For documentation on this error, please visit: https://selenium.dev/exceptions/#no_such_element
Build info: version: '4.0.0', revision: '3a21814679'
System info: host: 'DESKTOP-352SGAD', ip: '192.168.153.73', os.name: 'Windows 10', os.arch: 'amd64', os.version: '10.0', java.version: '16.0.1'
Driver info: org.openqa.selenium.chrome.ChromeDriver
Command: [acb6af995ee0ecc76b5fbcc3237e8d1d, findElement {using=xpath, value=//a[text()='Logout']}]
Capabilities {acceptInsecureCerts: false, browserName: chrome, browserVersion: 96.0.4664.45, chrome: {chromedriverVersion: 96.0.4664.45 (76e4c1bb2ab46..., userDataDir: C:\Users\PAVAN\AppData\Loca...}, goog:chromeOptions: {debuggerAddress: localhost:56840}, javascriptEnabled: true, networkConnectionEnabled: false, pageLoadStrategy: normal, platform: WINDOWS, platformName: WINDOWS, proxy: Proxy(), se:cdp: ws://localhost:56840/devtoo..., se:cdpVersion: 96.0.4664.45, setWindowRect: true, strictFileInteractability: false, timeouts: {implicit: 0, pageLoad: 300000, script: 30000}, unhandledPromptBehavior: dismiss and notify, webauthn:extension:credBlob: true, webauthn:extension:largeBlob: true, webauthn:virtualAuthenticators: true}
Session ID: acb6af995ee0ecc76b5fbcc3237e8d1d
2021-11-27 18:07:02 INFO  .:166 - In Test Scenario ModifyUser the method logout execution status is :Fail
2021-11-27 18:07:02 INFO  .:121 - The execution of method closeApplication started here ...
2021-11-27 18:07:03 INFO  .:124 - The execution of method closeApplication ended here ...
2021-11-27 18:07:03 INFO  .:166 - In Test Scenario ModifyUser the method closeApplication execution status is :Pass
2021-11-27 18:07:03 INFO  .:180 - +++++++++++++++++++++++++++++++
2021-11-27 18:07:03 INFO  .:180 - +++++++++++++++++++++++++++++++
2021-11-27 18:07:03 INFO  .:180 - +++++++++++++++++++++++++++++++
2021-11-27 18:07:03 INFO  .:180 - +++++++++++++++++++++++++++++++
2021-11-27 18:07:03 INFO  .:180 - +++++++++++++++++++++++++++++++
2021-11-27 18:07:03 INFO  .:183 - The execution of method executeTestScenarios ended here ...
2021-11-27 18:07:03 INFO  .:205 - The execution of method endAutomationSuite ended here ...
2021-11-27 18:07:03 INFO  .:208 - The execution of method endAutomationSuite ended here ...
2021-11-27 18:17:38 INFO  .:69 - The execution of method loadFiles started here ...
2021-11-27 18:17:38 INFO  .:84 - The execution of method loadFiles ended here ...
2021-11-27 18:17:43 INFO  .:86 - The execution of method navigate started here ...
2021-11-27 18:17:51 INFO  .:98 - The execution of method navigate ended here ...
2021-11-27 18:17:51 INFO  .:166 - In Test Scenario Login the method navigate execution status is :Pass
2021-11-27 18:17:51 INFO  .:32 - The execution of method login started here ...
2021-11-27 18:17:57 INFO  .:50 - The execution of method login ended here ...
2021-11-27 18:17:57 INFO  .:166 - In Test Scenario Login the method login execution status is :Pass
2021-11-27 18:17:59 INFO  .:166 - In Test Scenario Login the method minimizeFlyOutWindow execution status is :Pass
2021-11-27 18:18:00 INFO  .:76 - The execution of method logout started here ...
2021-11-27 18:18:04 INFO  .:88 - The execution of method logout ended here ...
2021-11-27 18:18:04 INFO  .:166 - In Test Scenario Login the method logout execution status is :Pass
2021-11-27 18:18:04 INFO  .:121 - The execution of method closeApplication started here ...
2021-11-27 18:18:05 INFO  .:124 - The execution of method closeApplication ended here ...
2021-11-27 18:18:05 INFO  .:166 - In Test Scenario Login the method closeApplication execution status is :Pass
2021-11-27 18:18:05 INFO  .:180 - +++++++++++++++++++++++++++++++
2021-11-27 18:18:07 INFO  .:86 - The execution of method navigate started here ...
2021-11-27 18:18:15 INFO  .:98 - The execution of method navigate ended here ...
2021-11-27 18:18:15 INFO  .:166 - In Test Scenario CreateUser the method navigate execution status is :Pass
2021-11-27 18:18:15 INFO  .:32 - The execution of method login started here ...
2021-11-27 18:18:21 INFO  .:50 - The execution of method login ended here ...
2021-11-27 18:18:21 INFO  .:166 - In Test Scenario CreateUser the method login execution status is :Pass
2021-11-27 18:18:23 INFO  .:166 - In Test Scenario CreateUser the method minimizeFlyOutWindow execution status is :Pass
2021-11-27 18:18:23 INFO  .:32 - The execution of method createUser started here ...
2021-11-27 18:18:35 INFO  .:60 - The execution of method createUser ended here ...
2021-11-27 18:18:35 INFO  .:166 - In Test Scenario CreateUser the method createUser execution status is :Pass
2021-11-27 18:18:35 INFO  .:131 - The execution of method deleteUser started here ...
2021-11-27 18:18:44 INFO  .:147 - The execution of method deleteUser ended here ...
2021-11-27 18:18:44 INFO  .:166 - In Test Scenario CreateUser the method deleteUser execution status is :Pass
2021-11-27 18:18:45 INFO  .:76 - The execution of method logout started here ...
2021-11-27 18:18:49 INFO  .:88 - The execution of method logout ended here ...
2021-11-27 18:18:49 INFO  .:166 - In Test Scenario CreateUser the method logout execution status is :Pass
2021-11-27 18:18:49 INFO  .:121 - The execution of method closeApplication started here ...
2021-11-27 18:18:49 INFO  .:124 - The execution of method closeApplication ended here ...
2021-11-27 18:18:49 INFO  .:166 - In Test Scenario CreateUser the method closeApplication execution status is :Pass
2021-11-27 18:18:49 INFO  .:180 - +++++++++++++++++++++++++++++++
2021-11-27 18:18:51 INFO  .:86 - The execution of method navigate started here ...
2021-11-27 18:18:59 INFO  .:98 - The execution of method navigate ended here ...
2021-11-27 18:18:59 INFO  .:166 - In Test Scenario ModifyUser the method navigate execution status is :Pass
2021-11-27 18:18:59 INFO  .:32 - The execution of method login started here ...
2021-11-27 18:19:05 INFO  .:50 - The execution of method login ended here ...
2021-11-27 18:19:05 INFO  .:166 - In Test Scenario ModifyUser the method login execution status is :Pass
2021-11-27 18:19:07 INFO  .:166 - In Test Scenario ModifyUser the method minimizeFlyOutWindow execution status is :Pass
2021-11-27 18:19:07 INFO  .:32 - The execution of method createUser started here ...
2021-11-27 18:19:19 INFO  .:60 - The execution of method createUser ended here ...
2021-11-27 18:19:19 INFO  .:166 - In Test Scenario ModifyUser the method createUser execution status is :Pass
2021-11-27 18:19:19 INFO  .:86 - The execution of method modifyUser started here ...
2021-11-27 18:19:28 INFO  .:106 - The execution of method modifyUser ended here ...
2021-11-27 18:19:29 INFO  .:166 - In Test Scenario ModifyUser the method modifyUser execution status is :Fail
2021-11-27 18:19:29 INFO  .:131 - The execution of method deleteUser started here ...
2021-11-27 18:19:39 INFO  .:147 - The execution of method deleteUser ended here ...
2021-11-27 18:19:39 INFO  .:166 - In Test Scenario ModifyUser the method deleteUser execution status is :Pass
2021-11-27 18:19:39 INFO  .:76 - The execution of method logout started here ...
2021-11-27 18:19:43 INFO  .:88 - The execution of method logout ended here ...
2021-11-27 18:19:43 INFO  .:166 - In Test Scenario ModifyUser the method logout execution status is :Pass
2021-11-27 18:19:43 INFO  .:121 - The execution of method closeApplication started here ...
2021-11-27 18:19:43 INFO  .:124 - The execution of method closeApplication ended here ...
2021-11-27 18:19:43 INFO  .:166 - In Test Scenario ModifyUser the method closeApplication execution status is :Pass
2021-11-27 18:19:43 INFO  .:180 - +++++++++++++++++++++++++++++++
2021-11-27 18:19:43 INFO  .:180 - +++++++++++++++++++++++++++++++
2021-11-27 18:19:43 INFO  .:180 - +++++++++++++++++++++++++++++++
2021-11-27 18:19:43 INFO  .:180 - +++++++++++++++++++++++++++++++
2021-11-27 18:19:43 INFO  .:180 - +++++++++++++++++++++++++++++++
2021-11-27 18:19:43 INFO  .:183 - The execution of method executeTestScenarios ended here ...
2021-11-27 18:19:44 INFO  .:205 - The execution of method endAutomationSuite ended here ...
2021-11-27 18:19:44 INFO  .:208 - The execution of method endAutomationSuite ended here ...
2021-11-27 18:33:28 INFO  .:69 - The execution of method loadFiles started here ...
2021-11-27 18:33:29 INFO  .:84 - The execution of method loadFiles ended here ...
2021-11-27 18:33:33 INFO  .:86 - The execution of method navigate started here ...
2021-11-27 18:33:41 INFO  .:98 - The execution of method navigate ended here ...
2021-11-27 18:33:41 INFO  .:166 - In Test Scenario Login the method navigate execution status is :Pass
2021-11-27 18:33:41 INFO  .:32 - The execution of method login started here ...
2021-11-27 18:33:47 INFO  .:50 - The execution of method login ended here ...
2021-11-27 18:33:47 INFO  .:166 - In Test Scenario Login the method login execution status is :Pass
2021-11-27 18:33:49 INFO  .:166 - In Test Scenario Login the method minimizeFlyOutWindow execution status is :Pass
2021-11-27 18:33:49 INFO  .:76 - The execution of method logout started here ...
2021-11-27 18:33:54 INFO  .:88 - The execution of method logout ended here ...
2021-11-27 18:33:54 INFO  .:166 - In Test Scenario Login the method logout execution status is :Pass
2021-11-27 18:33:54 INFO  .:121 - The execution of method closeApplication started here ...
2021-11-27 18:33:54 INFO  .:124 - The execution of method closeApplication ended here ...
2021-11-27 18:33:54 INFO  .:166 - In Test Scenario Login the method closeApplication execution status is :Pass
2021-11-27 18:33:54 INFO  .:180 - +++++++++++++++++++++++++++++++
2021-11-27 18:33:57 INFO  .:86 - The execution of method navigate started here ...
2021-11-27 18:34:06 INFO  .:98 - The execution of method navigate ended here ...
2021-11-27 18:34:06 INFO  .:166 - In Test Scenario CreateUser the method navigate execution status is :Pass
2021-11-27 18:34:06 INFO  .:32 - The execution of method login started here ...
2021-11-27 18:34:11 INFO  .:50 - The execution of method login ended here ...
2021-11-27 18:34:11 INFO  .:166 - In Test Scenario CreateUser the method login execution status is :Pass
2021-11-27 18:34:13 INFO  .:166 - In Test Scenario CreateUser the method minimizeFlyOutWindow execution status is :Pass
2021-11-27 18:34:13 INFO  .:32 - The execution of method createUser started here ...
2021-11-27 18:34:26 INFO  .:60 - The execution of method createUser ended here ...
2021-11-27 18:34:26 INFO  .:166 - In Test Scenario CreateUser the method createUser execution status is :Pass
2021-11-27 18:34:26 INFO  .:131 - The execution of method deleteUser started here ...
2021-11-27 18:34:35 INFO  .:147 - The execution of method deleteUser ended here ...
2021-11-27 18:34:35 INFO  .:166 - In Test Scenario CreateUser the method deleteUser execution status is :Pass
2021-11-27 18:34:35 INFO  .:76 - The execution of method logout started here ...
2021-11-27 18:34:39 INFO  .:88 - The execution of method logout ended here ...
2021-11-27 18:34:39 INFO  .:166 - In Test Scenario CreateUser the method logout execution status is :Pass
2021-11-27 18:34:40 INFO  .:121 - The execution of method closeApplication started here ...
2021-11-27 18:34:41 INFO  .:124 - The execution of method closeApplication ended here ...
2021-11-27 18:34:41 INFO  .:166 - In Test Scenario CreateUser the method closeApplication execution status is :Pass
2021-11-27 18:34:41 INFO  .:180 - +++++++++++++++++++++++++++++++
2021-11-27 18:34:43 INFO  .:86 - The execution of method navigate started here ...
2021-11-27 18:34:51 INFO  .:98 - The execution of method navigate ended here ...
2021-11-27 18:34:51 INFO  .:166 - In Test Scenario ModifyUser the method navigate execution status is :Pass
2021-11-27 18:34:51 INFO  .:32 - The execution of method login started here ...
2021-11-27 18:34:56 INFO  .:50 - The execution of method login ended here ...
2021-11-27 18:34:56 INFO  .:166 - In Test Scenario ModifyUser the method login execution status is :Pass
2021-11-27 18:34:58 INFO  .:166 - In Test Scenario ModifyUser the method minimizeFlyOutWindow execution status is :Pass
2021-11-27 18:34:59 INFO  .:32 - The execution of method createUser started here ...
2021-11-27 18:35:10 INFO  .:60 - The execution of method createUser ended here ...
2021-11-27 18:35:10 INFO  .:166 - In Test Scenario ModifyUser the method createUser execution status is :Pass
2021-11-27 18:35:10 INFO  .:86 - The execution of method modifyUser started here ...
2021-11-27 18:35:20 INFO  .:106 - The execution of method modifyUser ended here ...
2021-11-27 18:35:20 INFO  .:166 - In Test Scenario ModifyUser the method modifyUser execution status is :Fail
2021-11-27 18:35:21 INFO  .:131 - The execution of method deleteUser started here ...
2021-11-27 18:35:30 INFO  .:147 - The execution of method deleteUser ended here ...
2021-11-27 18:35:30 INFO  .:166 - In Test Scenario ModifyUser the method deleteUser execution status is :Pass
2021-11-27 18:35:30 INFO  .:76 - The execution of method logout started here ...
2021-11-27 18:35:34 INFO  .:88 - The execution of method logout ended here ...
2021-11-27 18:35:34 INFO  .:166 - In Test Scenario ModifyUser the method logout execution status is :Pass
2021-11-27 18:35:34 INFO  .:121 - The execution of method closeApplication started here ...
2021-11-27 18:35:35 INFO  .:124 - The execution of method closeApplication ended here ...
2021-11-27 18:35:35 INFO  .:166 - In Test Scenario ModifyUser the method closeApplication execution status is :Pass
2021-11-27 18:35:35 INFO  .:180 - +++++++++++++++++++++++++++++++
2021-11-27 18:35:35 INFO  .:180 - +++++++++++++++++++++++++++++++
2021-11-27 18:35:35 INFO  .:180 - +++++++++++++++++++++++++++++++
2021-11-27 18:35:35 INFO  .:180 - +++++++++++++++++++++++++++++++
2021-11-27 18:35:35 INFO  .:180 - +++++++++++++++++++++++++++++++
2021-11-27 18:35:35 INFO  .:183 - The execution of method executeTestScenarios ended here ...
2021-11-27 18:35:35 INFO  .:205 - The execution of method endAutomationSuite ended here ...
2021-11-27 18:35:35 INFO  .:208 - The execution of method endAutomationSuite ended here ...
